Could not write routes to files:
  "[33m./dist/static/assets/scully-routes.json[39m",
  "[33m/Users/star/Projects/new-hbbook/dist/new-hbbook/assets/scully-routes.json[39m",
  "[33m/Users/star/Projects/new-hbbook/src/assets/scully-routes.json[39m"


----------------------------------
Using stored unhandled routes!.
   To discover new routes in the angular app use "[33mnpm run scully -- --scanRoutes[39m"
----------------------------------Could not write routes to files:
  "[33m./dist/static/assets/scully-routes.json[39m",
  "[33m/Users/star/Projects/new-hbbook/dist/new-hbbook/assets/scully-routes.json[39m",
  "[33m/Users/star/Projects/new-hbbook/src/assets/scully-routes.json[39m"



----------------------------------
Using stored unhandled routes!.
   To discover new routes in the angular app use "[33mnpm run scully -- --scanRoutes[39m"
----------------------------------Could not write routes to files:
  "[33m./dist/static/assets/scully-routes.json[39m",
  "[33m/Users/star/Projects/new-hbbook/dist/new-hbbook/assets/scully-routes.json[39m",
  "[33m/Users/star/Projects/new-hbbook/src/assets/scully-routes.json[39m"



----------------------------------
Using stored unhandled routes!.
   To discover new routes in the angular app use "[33mnpm run scully -- --scanRoutes[39m"
----------------------------------Could not write routes to files:
  "[33m./dist/static/assets/scully-routes.json[39m",
  "[33m/Users/star/Projects/new-hbbook/dist/new-hbbook/assets/scully-routes.json[39m",
  "[33m/Users/star/Projects/new-hbbook/src/assets/scully-routes.json[39m"



----------------------------------
Using stored unhandled routes!.
   To discover new routes in the angular app use "[33mnpm run scully -- --scanRoutes[39m"
----------------------------------Could not write routes to files:
  "[33m./dist/static/assets/scully-routes.json[39m",
  "[33m/Users/star/Projects/new-hbbook/dist/new-hbbook/assets/scully-routes.json[39m",
  "[33m/Users/star/Projects/new-hbbook/src/assets/scully-routes.json[39m"



----------------------------------
Using stored unhandled routes!.
   To discover new routes in the angular app use "[33mnpm run scully -- --scanRoutes[39m"
----------------------------------Could not write routes to files:
  "[33m./dist/static/assets/scully-routes.json[39m",
  "[33m/Users/star/Projects/new-hbbook/dist/new-hbbook/assets/scully-routes.json[39m",
  "[33m/Users/star/Projects/new-hbbook/src/assets/scully-routes.json[39m"



----------------------------------
Using stored unhandled routes!.
   To discover new routes in the angular app use "[33mnpm run scully -- --scanRoutes[39m"
----------------------------------Could not write routes to files:
  "[33m./dist/static/assets/scully-routes.json[39m",
  "[33m/Users/star/Projects/new-hbbook/dist/new-hbbook/assets/scully-routes.json[39m",
  "[33m/Users/star/Projects/new-hbbook/src/assets/scully-routes.json[39m"



----------------------------------
Using stored unhandled routes!.
   To discover new routes in the angular app use "[33mnpm run scully -- --scanRoutes[39m"
----------------------------------Could not write routes to files:
  "[33m./dist/static/assets/scully-routes.json[39m",
  "[33m/Users/star/Projects/new-hbbook/dist/new-hbbook/assets/scully-routes.json[39m",
  "[33m/Users/star/Projects/new-hbbook/src/assets/scully-routes.json[39m"



----------------------------------
Using stored unhandled routes!.
   To discover new routes in the angular app use "[33mnpm run scully -- --scanRoutes[39m"
----------------------------------Could not write routes to files:
  "[33m./dist/static/assets/scully-routes.json[39m",
  "[33m/Users/star/Projects/new-hbbook/dist/new-hbbook/assets/scully-routes.json[39m",
  "[33m/Users/star/Projects/new-hbbook/src/assets/scully-routes.json[39m"



----------------------------------
Using stored unhandled routes!.
   To discover new routes in the angular app use "[33mnpm run scully -- --scanRoutes[39m"
----------------------------------Could not write routes to files:
  "[33m./dist/static/assets/scully-routes.json[39m",
  "[33m/Users/star/Projects/new-hbbook/dist/new-hbbook/assets/scully-routes.json[39m",
  "[33m/Users/star/Projects/new-hbbook/src/assets/scully-routes.json[39m"



----------------------------------
Using stored unhandled routes!.
   To discover new routes in the angular app use "[33mnpm run scully -- --scanRoutes[39m"
----------------------------------Could not write routes to files:
  "[33m./dist/static/assets/scully-routes.json[39m",
  "[33m/Users/star/Projects/new-hbbook/dist/new-hbbook/assets/scully-routes.json[39m",
  "[33m/Users/star/Projects/new-hbbook/src/assets/scully-routes.json[39m"



----------------------------------
Using stored unhandled routes!.
   To discover new routes in the angular app use "[33mnpm run scully -- --scanRoutes[39m"
----------------------------------Could not write routes to files:
  "[33m./dist/static/assets/scully-routes.json[39m",
  "[33m/Users/star/Projects/new-hbbook/dist/new-hbbook/assets/scully-routes.json[39m",
  "[33m/Users/star/Projects/new-hbbook/src/assets/scully-routes.json[39m"



----------------------------------
Using stored unhandled routes!.
   To discover new routes in the angular app use "[33mnpm run scully -- --scanRoutes[39m"
----------------------------------Could not write routes to files:
  "[33m./dist/static/assets/scully-routes.json[39m",
  "[33m/Users/star/Projects/new-hbbook/dist/new-hbbook/assets/scully-routes.json[39m",
  "[33m/Users/star/Projects/new-hbbook/src/assets/scully-routes.json[39m"



----------------------------------
Using stored unhandled routes!.
   To discover new routes in the angular app use "[33mnpm run scully -- --scanRoutes[39m"
----------------------------------Could not write routes to files:
  "[33m./dist/static/assets/scully-routes.json[39m",
  "[33m/Users/star/Projects/new-hbbook/dist/new-hbbook/assets/scully-routes.json[39m",
  "[33m/Users/star/Projects/new-hbbook/src/assets/scully-routes.json[39m"



----------------------------------
Using stored unhandled routes!.
   To discover new routes in the angular app use "[33mnpm run scully -- --scanRoutes[39m"
----------------------------------

----------------------------------
Using stored unhandled routes!.
   To discover new routes in the angular app use "[33mnpm run scully -- --scanRoutes[39m"
----------------------------------

----------------------------------
Using stored unhandled routes!.
   To discover new routes in the angular app use "[33mnpm run scully -- --scanRoutes[39m"
----------------------------------

----------------------------------
Using stored unhandled routes!.
   To discover new routes in the angular app use "[33mnpm run scully -- --scanRoutes[39m"
----------------------------------

----------------------------------
Using stored unhandled routes!.
   To discover new routes in the angular app use "[33mnpm run scully -- --scanRoutes[39m"
----------------------------------

----------------------------------
Using stored unhandled routes!.
   To discover new routes in the angular app use "[33mnpm run scully -- --scanRoutes[39m"
----------------------------------

----------------------------------
Using stored unhandled routes!.
   To discover new routes in the angular app use "[33mnpm run scully -- --scanRoutes[39m"
----------------------------------

----------------------------------
Using stored unhandled routes!.
   To discover new routes in the angular app use "[33mnpm run scully -- --scanRoutes[39m"
----------------------------------

----------------------------------
Using stored unhandled routes!.
   To discover new routes in the angular app use "[33mnpm run scully -- --scanRoutes[39m"
----------------------------------

----------------------------------
Using stored unhandled routes!.
   To discover new routes in the angular app use "[33mnpm run scully -- --scanRoutes[39m"
----------------------------------

----------------------------------
Using stored unhandled routes!.
   To discover new routes in the angular app use "[33mnpm run scully -- --scanRoutes[39m"
----------------------------------

----------------------------------
Using stored unhandled routes!.
   To discover new routes in the angular app use "[33mnpm run scully -- --scanRoutes[39m"
----------------------------------

----------------------------------
Using stored unhandled routes!.
   To discover new routes in the angular app use "[33mnpm run scully -- --scanRoutes[39m"
----------------------------------

----------------------------------
Using stored unhandled routes!.
   To discover new routes in the angular app use "[33mnpm run scully -- --scanRoutes[39m"
----------------------------------

----------------------------------
Using stored unhandled routes!.
   To discover new routes in the angular app use "[33mnpm run scully -- --scanRoutes[39m"
----------------------------------

----------------------------------
Using stored unhandled routes!.
   To discover new routes in the angular app use "[33mnpm run scully -- --scanRoutes[39m"
----------------------------------

----------------------------------
Using stored unhandled routes!.
   To discover new routes in the angular app use "[33mnpm run scully -- --scanRoutes[39m"
----------------------------------

----------------------------------
Using stored unhandled routes!.
   To discover new routes in the angular app use "[33mnpm run scully -- --scanRoutes[39m"
----------------------------------

----------------------------------
Using stored unhandled routes!.
   To discover new routes in the angular app use "[33mnpm run scully -- --scanRoutes[39m"
----------------------------------

----------------------------------
Using stored unhandled routes!.
   To discover new routes in the angular app use "[33mnpm run scully -- --scanRoutes[39m"
----------------------------------

----------------------------------
Using stored unhandled routes!.
   To discover new routes in the angular app use "[33mnpm run scully -- --scanRoutes[39m"
----------------------------------

----------------------------------
Using stored unhandled routes!.
   To discover new routes in the angular app use "[33mnpm run scully -- --scanRoutes[39m"
----------------------------------

----------------------------------
Using stored unhandled routes!.
   To discover new routes in the angular app use "[33mnpm run scully -- --scanRoutes[39m"
----------------------------------
